Aplicação escutando na porta: 7070
o8qb8huMu8GQleplAAAA
U9LJW4f5E3sgD64xAAAB
f8SDq_mMXi0PmKnDAAAC
GVZKTBEbKd-WRNLxAAAD
KiZqaa6mHhUYz7XRAAAE
6ReIopBd-Q5Kw6F0AAAF
7sZ_BpytV8Sc0ncgAAAG
Solicitacao via botoeira
Sistema zerou os tickets
Solicitacao via botoeira
Novo ticket solicitado:1
Solicitacao via botoeira
Novo ticket solicitado:2
Solicitacao via botoeira
Novo ticket solicitado:3
Solicitacao via botoeira
Novo ticket solicitado:4
Solicitacao via botoeira
Novo ticket solicitado:5
Solicitacao via botoeira
Novo ticket solicitado:6
Solicitacao via botoeira
Novo ticket solicitado:7
Solicitacao via botoeira
Novo ticket solicitado:8
Aplicação escutando na porta: 7070
NfY3X1HNRZUjE1CPAAAA
Solicitacao via botoeira
Novo ticket solicitado:9
Solicitacao via botoeira
Novo ticket solicitado:10
Solicitacao via botoeira
Novo ticket solicitado:11
Solicitacao via botoeira
Novo ticket solicitado:12
Solicitacao via botoeira
Novo ticket solicitado:13
Solicitacao via botoeira
Novo ticket solicitado:14
Solicitacao via botoeira
Novo ticket solicitado:15
Solicitacao via botoeira
Novo ticket solicitado:16
Solicitacao via botoeira
Novo ticket solicitado:17
Solicitacao via botoeira
Novo ticket solicitado:18
Solicitacao via botoeira
Novo ticket solicitado:19
Solicitacao via botoeira
Novo ticket solicitado:20
Reiniciando tickets
Sistema zerou os tickets
2SkjeygEUhsJrFuyAAAB
D1eTIYlVHpmTwE5oAAAC
a-mbLxICm1PZcpKwAAAD
MpXNZvoYRQQq_TS3AAAE
1Ww946WscY_kv6seAAAF
3E4QT6W9yZXes_MQAAAG
JAbCf9oyJk4q2pESAAAH
6FV-dYEHf2KT6DteAAAI
Aplicação escutando na porta: 7070
Identificação: AOIhRf5pmFXP5yT3AAAA
Identificação: VpsmXB3-iiCLjKtQAAAB
Identificação: puM4rIA9ZUe0RA2lAAAC
Identificação: V-346A5I1I81Wah-AAAD
Identificação: rJGorL0CcAUN7wsuAAAE
Identificação: PkzzliSGA7mCfSwtAAAF
Identificação: vvH3sxZVZxPh59eFAAAG
Identificação: PoEeq6bO808X4D6kAAAH
Identificação: aagqlFS2va5u-PUMAAAI
Identificação: ndZ8kz41fHSRUNvBAAAJ
Identificação: cySTBjfUJyXb_pOlAAAK
Identificação: Wiulc6z-0rQNAeLcAAAL
Identificação: rfphQ4vl5LBg-gBsAAAM
Reiniciando tickets
Sistema zerou os tickets
Identificação: x7l8lNdvZTaD7A1jAAAN
Identificação: 4cBtEZZfQKmSeHsjAAAO
Solicitacao via botoeira
Novo ticket solicitado:1
Solicitacao via botoeira
Novo ticket solicitado:2
Solicitacao via botoeira
Novo ticket solicitado:3
Solicitacao via botoeira
Novo ticket solicitado:4
Solicitacao via botoeira
Novo ticket solicitado:5
Solicitacao via botoeira
Novo ticket solicitado:6
Solicitacao via botoeira
Novo ticket solicitado:7
Solicitacao via botoeira
Novo ticket solicitado:8
Solicitacao via botoeira
Novo ticket solicitado:9
Solicitacao via botoeira
Novo ticket solicitado:10
Solicitacao via botoeira
Novo ticket solicitado:11
Solicitacao via botoeira
Novo ticket solicitado:12
Solicitacao via botoeira
Novo ticket solicitado:13
Solicitacao via botoeira
Novo ticket solicitado:14
Solicitacao via botoeira
Novo ticket solicitado:15
Solicitacao via botoeira
Novo ticket solicitado:16
Solicitacao via botoeira
Novo ticket solicitado:17
Solicitacao via botoeira
Novo ticket solicitado:18
Solicitacao via botoeira
Novo ticket solicitado:19
Solicitacao via botoeira
Novo ticket solicitado:20
Solicitacao via botoeira
Novo ticket solicitado:21
Solicitacao via botoeira
Novo ticket solicitado:22
Solicitacao via botoeira
Novo ticket solicitado:23
Solicitacao via botoeira
Novo ticket solicitado:24
Identificação: C-fYozkJHP03-zQtAAAP
Solicitacao via botoeira
Novo ticket solicitado:25
Solicitacao via botoeira
Novo ticket solicitado:26
Solicitacao via botoeira
Novo ticket solicitado:27
Solicitacao via botoeira
Novo ticket solicitado:28
Solicitacao via botoeira
Novo ticket solicitado:29
Solicitacao via botoeira
Novo ticket solicitado:30
Solicitacao via botoeira
Novo ticket solicitado:31
Solicitacao via botoeira
Novo ticket solicitado:32
Solicitacao via botoeira
Novo ticket solicitado:33
Solicitacao via botoeira
Novo ticket solicitado:34
Solicitacao via botoeira
Novo ticket solicitado:35
Solicitacao via botoeira
Novo ticket solicitado:36
Solicitacao via botoeira
Novo ticket solicitado:37
Solicitacao via botoeira
Novo ticket solicitado:38
Solicitacao via botoeira
Novo ticket solicitado:39
Solicitacao via botoeira
Novo ticket solicitado:40
Solicitacao via botoeira
Novo ticket solicitado:41
Solicitacao via botoeira
Novo ticket solicitado:42
Solicitacao via botoeira
Novo ticket solicitado:43
Solicitacao via botoeira
Novo ticket solicitado:44
Solicitacao via botoeira
Novo ticket solicitado:45
Solicitacao via botoeira
Novo ticket solicitado:46
Solicitacao via botoeira
Novo ticket solicitado:47
Solicitacao via botoeira
Novo ticket solicitado:48
Solicitacao via botoeira
Novo ticket solicitado:49
Solicitacao via botoeira
Novo ticket solicitado:50
Solicitacao via botoeira
Novo ticket solicitado:51
Solicitacao via botoeira
Novo ticket solicitado:52
Solicitacao via botoeira
Novo ticket solicitado:53
Solicitacao via botoeira
Novo ticket solicitado:54
Solicitacao via botoeira
Novo ticket solicitado:55
Solicitacao via botoeira
Novo ticket solicitado:56
Solicitacao via botoeira
Novo ticket solicitado:57
Solicitacao via botoeira
Novo ticket solicitado:58
Solicitacao via botoeira
Novo ticket solicitado:59
Solicitacao via botoeira
Novo ticket solicitado:60
Reiniciando tickets
Sistema zerou os tickets
Solicitacao via botoeira
Novo ticket solicitado:1
Solicitacao via botoeira
Novo ticket solicitado:2
Solicitacao via botoeira
Novo ticket solicitado:3
Solicitacao via botoeira
Novo ticket solicitado:4
Solicitacao via botoeira
Novo ticket solicitado:5
Solicitacao via botoeira
Novo ticket solicitado:6
Solicitacao via botoeira
Novo ticket solicitado:7
Solicitacao via botoeira
Novo ticket solicitado:8
Solicitacao via botoeira
Novo ticket solicitado:9
Solicitacao via botoeira
Novo ticket solicitado:10
Solicitacao via botoeira
Novo ticket solicitado:11
Solicitacao via botoeira
Novo ticket solicitado:12
Solicitacao via botoeira
Novo ticket solicitado:13
Solicitacao via botoeira
Novo ticket solicitado:14
Solicitacao via botoeira
Novo ticket solicitado:15
Solicitacao via botoeira
Novo ticket solicitado:16
Solicitacao via botoeira
Novo ticket solicitado:17
Solicitacao via botoeira
Novo ticket solicitado:18
Solicitacao via botoeira
Novo ticket solicitado:19
Solicitacao via botoeira
Novo ticket solicitado:20
Solicitacao via botoeira
Novo ticket solicitado:21
Solicitacao via botoeira
Novo ticket solicitado:22
Solicitacao via botoeira
Novo ticket solicitado:23
Solicitacao via botoeira
Novo ticket solicitado:24
Solicitacao via botoeira
Novo ticket solicitado:25
Solicitacao via botoeira
Novo ticket solicitado:26
Solicitacao via botoeira
Novo ticket solicitado:27
Solicitacao via botoeira
Novo ticket solicitado:28
Solicitacao via botoeira
Novo ticket solicitado:29
Solicitacao via botoeira
Novo ticket solicitado:30
Solicitacao via botoeira
Novo ticket solicitado:31
Solicitacao via botoeira
Novo ticket solicitado:32
Solicitacao via botoeira
Novo ticket solicitado:33
Solicitacao via botoeira
Novo ticket solicitado:34
Solicitacao via botoeira
Novo ticket solicitado:35
Identificação: 3xYWzVzNApGrmPs5AAAQ
Identificação: BEEzlrHRCkN4qy0aAAAR
Identificação: Uif9tE67ek_9WgqEAAAS
Identificação: fUNXjkQdyOnR-qFqAAAT
Identificação: -XCILpCnCFrbVBmOAAAU
Aplicação escutando na porta: 7070
Identificação: xKGcCLXpIWOL1YXTAAAA
Aplicação escutando na porta: 7070
Ticket 0000000076 teve acesso liberado
Identificação: oH5yE57OZGwY3qmJAAAA
Solicitacao via botoeira
Novo ticket solicitado:48
Solicitacao via botoeira
Novo ticket solicitado:49
Solicitacao via botoeira
Novo ticket solicitado:50
Solicitacao via botoeira
Novo ticket solicitado:51
Solicitacao via botoeira
Novo ticket solicitado:52
Solicitacao via botoeira
Novo ticket solicitado:53
Solicitacao via botoeira
Novo ticket solicitado:54
Solicitacao via botoeira
Novo ticket solicitado:55
Solicitacao via botoeira
Novo ticket solicitado:56
Solicitacao via botoeira
Novo ticket solicitado:57
Solicitacao via botoeira
Novo ticket solicitado:58
Ticket 0000000003 teve acesso liberado
Ticket 0000000003 teve acesso liberado
Ticket 0000000003 teve acesso liberado
Ticket 0000000003 teve acesso liberado
Ticket 0000000003 teve acesso liberado
Ticket 0000000099 teve acesso liberado
Ticket 0000000099 teve acesso liberado
Ticket 0000000099 teve acesso liberado
Ticket 0000000099 teve acesso liberado
Ticket 0000000099 teve acesso liberado
Ticket 0000000099 teve acesso liberado
Ticket 0000000099 teve acesso liberado
Ticket 0000000099 teve acesso liberado
Ticket 0000000099 teve acesso liberado
Ticket 0000000099 teve acesso liberado
Ticket 0000000099 teve acesso liberado
Ticket 0000000099 teve acesso liberado
Ticket 0000000099 teve acesso liberado
Ticket 0000000099 teve acesso liberado
Aplicação escutando na porta: 7070
Identificação: BZ0EC0-mRYupKn_DAAAA
Identificação: 8T9KXTf39AJlTCTKAAAB
Identificação: _CzqWB-rhAoa2RvsAAAC
Conexão estabelecida
Conexão estabelecida
Solicitacao via botoeira
Novo ticket solicitado:59
Solicitacao via botoeira
Novo ticket solicitado:60
Solicitacao via botoeira
Novo ticket solicitado:61
Solicitacao via botoeira
Novo ticket solicitado:62
Solicitacao via botoeira
Novo ticket solicitado:63
Solicitacao via botoeira
Novo ticket solicitado:64
Solicitacao via botoeira
Novo ticket solicitado:65
Solicitacao via botoeira
Novo ticket solicitado:66
Solicitacao via botoeira
Novo ticket solicitado:67
Solicitacao via botoeira
Novo ticket solicitado:68
Solicitacao via botoeira
Novo ticket solicitado:69
Solicitacao via botoeira
Novo ticket solicitado:70
Solicitacao via botoeira
Novo ticket solicitado:71
Solicitacao via botoeira
Novo ticket solicitado:72
Solicitacao via botoeira
Novo ticket solicitado:73
Solicitacao via botoeira
Novo ticket solicitado:74
Solicitacao via botoeira
Novo ticket solicitado:75
Solicitacao via botoeira
Novo ticket solicitado:76
Solicitacao via botoeira
Novo ticket solicitado:77
Solicitacao via botoeira
Novo ticket solicitado:78
Solicitacao via botoeira
Novo ticket solicitado:79
Solicitacao via botoeira
Novo ticket solicitado:80
Solicitacao via botoeira
Novo ticket solicitado:81
Reiniciando tickets
Sistema zerou os tickets
Solicitacao via botoeira
Novo ticket solicitado:1
Solicitacao via botoeira
Novo ticket solicitado:2
Solicitacao via botoeira
Novo ticket solicitado:3
Solicitacao via botoeira
Novo ticket solicitado:4
Solicitacao via botoeira
Novo ticket solicitado:5
Solicitacao via botoeira
Novo ticket solicitado:6
Solicitacao via botoeira
Novo ticket solicitado:7
Solicitacao via botoeira
Novo ticket solicitado:8
Solicitacao via botoeira
Novo ticket solicitado:9
Solicitacao via botoeira
Novo ticket solicitado:10
Solicitacao via botoeira
Novo ticket solicitado:11
Solicitacao via botoeira
Novo ticket solicitado:12
Solicitacao via botoeira
Novo ticket solicitado:13
Solicitacao via botoeira
Novo ticket solicitado:14
Solicitacao via botoeira
Novo ticket solicitado:15
Solicitacao via botoeira
Novo ticket solicitado:16
Solicitacao via botoeira
Novo ticket solicitado:17
Solicitacao via botoeira
Novo ticket solicitado:18
Solicitacao via botoeira
Novo ticket solicitado:19
Solicitacao via botoeira
Novo ticket solicitado:20
Solicitacao via botoeira
Novo ticket solicitado:21
Solicitacao via botoeira
Novo ticket solicitado:22
Solicitacao via botoeira
Novo ticket solicitado:23
Solicitacao via botoeira
Novo ticket solicitado:24
Solicitacao via botoeira
Novo ticket solicitado:25
Solicitacao via botoeira
Novo ticket solicitado:26
Solicitacao via botoeira
Novo ticket solicitado:27
Solicitacao via botoeira
Novo ticket solicitado:28
Solicitacao via botoeira
Novo ticket solicitado:29
Solicitacao via botoeira
Novo ticket solicitado:30
Solicitacao via botoeira
Novo ticket solicitado:31
Solicitacao via botoeira
Novo ticket solicitado:32
Solicitacao via botoeira
Novo ticket solicitado:33
Solicitacao via botoeira
Novo ticket solicitado:34
Solicitacao via botoeira
Novo ticket solicitado:35
Identificação: 6inp0qWaGdXAFMiDAAAD
Solicitacao via botoeira
Novo ticket solicitado:36
Identificação: PMhx2ZpLaNoAZ-TTAAAE
Identificação: K6Urx_UeevkYXkgHAAAF
Identificação: BGQdOWJsEuVS-_qlAAAG
Aplicação escutando na porta: 7070
Identificação: 5egRPKWnHJZYgsW6AAAA
Aplicação escutando na porta: 7175
Aplicação escutando na porta: 7175
Aplicação escutando na porta: 7175
Aplicação escutando na porta: 7175
Aplicação escutando na porta: 7175
Aplicação escutando na porta: 7175
Aplicação escutando na porta: 7175
Aplicação escutando na porta: 7175
